Logging setup to docker_.log
The Docker Engine you're using is running in swarm mode.

Compose does not use swarm mode to deploy services to multiple nodes in a swarm. All containers will be scheduled on the current node.

To deploy your application across the swarm, use `docker stack deploy`.

Building python
Step 1/9 : FROM python:3-slim
 ---> 972ef8de24a4
Step 2/9 : COPY db.py /opt/app/db.py
 ---> Using cache
 ---> 07fbb95c28f2
Step 3/9 : COPY sql_orm.py /opt/app/sql_orm.py
 ---> Using cache
 ---> a565c8593bfb
Step 4/9 : COPY requirements.txt /opt/app/requirements.txt
 ---> Using cache
 ---> d8d3901a1de8
Step 5/9 : WORKDIR /opt/app
 ---> Using cache
 ---> 763572b3cac4
Step 6/9 : VOLUME /opt/app
 ---> Using cache
 ---> 54001f85fea5
Step 7/9 : RUN pip install --upgrade pip && pip install -r requirements.txt
 ---> Running in 4a12f09f30cb
Requirement already satisfied: pip in /usr/local/lib/python3.9/site-packages (21.0.1)
Collecting certifi==2020.12.5
  Downloading certifi-2020.12.5-py2.py3-none-any.whl (147 kB)
Collecting chardet==4.0.0
  Downloading chardet-4.0.0-py2.py3-none-any.whl (178 kB)
Collecting et-xmlfile==1.0.1
  Downloading et_xmlfile-1.0.1.tar.gz (8.4 kB)
Collecting idna==2.10
  Downloading idna-2.10-py2.py3-none-any.whl (58 kB)
Collecting jdcal==1.4.1
  Downloading jdcal-1.4.1-py2.py3-none-any.whl (9.5 kB)
Collecting numpy==1.20.1
  Downloading numpy-1.20.1-cp39-cp39-manylinux2010_x86_64.whl (15.4 MB)
Collecting openpyxl==3.0.6
  Downloading openpyxl-3.0.6-py2.py3-none-any.whl (242 kB)
Collecting pandas==1.2.2
  Downloading pandas-1.2.2-cp39-cp39-manylinux1_x86_64.whl (9.7 MB)
Collecting python-dateutil==2.8.1
  Downloading python_dateutil-2.8.1-py2.py3-none-any.whl (227 kB)
Collecting pytz==2021.1
  Downloading pytz-2021.1-py2.py3-none-any.whl (510 kB)
Collecting requests==2.25.1
  Downloading requests-2.25.1-py2.py3-none-any.whl (61 kB)
Collecting six==1.15.0
  Downloading six-1.15.0-py2.py3-none-any.whl (10 kB)
Collecting SQLAlchemy==1.3.23
  Downloading SQLAlchemy-1.3.23-cp39-cp39-manylinux2010_x86_64.whl (1.3 MB)
Collecting urllib3==1.26.3
  Downloading urllib3-1.26.3-py2.py3-none-any.whl (137 kB)
Collecting paramiko==2.7.2
  Downloading paramiko-2.7.2-py2.py3-none-any.whl (206 kB)
Collecting cryptography>=2.5
  Downloading cryptography-3.4.7-cp36-abi3-manylinux2014_x86_64.whl (3.2 MB)
Collecting pynacl>=1.0.1
  Downloading PyNaCl-1.4.0-cp35-abi3-manylinux1_x86_64.whl (961 kB)
Collecting bcrypt>=3.1.3
  Downloading bcrypt-3.2.0-cp36-abi3-manylinux2010_x86_64.whl (63 kB)
Collecting cffi>=1.1
  Downloading cffi-1.14.5-cp39-cp39-manylinux1_x86_64.whl (406 kB)
Collecting pycparser
  Downloading pycparser-2.20-py2.py3-none-any.whl (112 kB)
Building wheels for collected packages: et-xmlfile
  Building wheel for et-xmlfile (setup.py): started
  Building wheel for et-xmlfile (setup.py): finished with status 'done'
  Created wheel for et-xmlfile: filename=et_xmlfile-1.0.1-py3-none-any.whl size=8913 sha256=5f5d47037125ed5d370e86b8fbecc6416fd35d578f0be20ee9fddf4ee7c924bf
  Stored in directory: /root/.cache/pip/wheels/bb/9b/ff/8fdf015c95a57224237bf88fbb9e45237cbe8177213bc13732
Successfully built et-xmlfile
Installing collected packages: pycparser, six, cffi, urllib3, pytz, python-dateutil, pynacl, numpy, jdcal, idna, et-xmlfile, cryptography, chardet, certifi, bcrypt, SQLAlchemy, requests, paramiko, pandas, openpyxl
Successfully installed SQLAlchemy-1.3.23 bcrypt-3.2.0 certifi-2020.12.5 cffi-1.14.5 chardet-4.0.0 cryptography-3.4.7 et-xmlfile-1.0.1 idna-2.10 jdcal-1.4.1 numpy-1.20.1 openpyxl-3.0.6 pandas-1.2.2 paramiko-2.7.2 pycparser-2.20 pynacl-1.4.0 python-dateutil-2.8.1 pytz-2021.1 requests-2.25.1 six-1.15.0 urllib3-1.26.3
Removing intermediate container 4a12f09f30cb
 ---> 11b49a62bea2
Step 8/9 : RUN pip install --upgrade pip && pip install paramiko
 ---> Running in e2a744c3e858
Requirement already satisfied: pip in /usr/local/lib/python3.9/site-packages (21.0.1)
Requirement already satisfied: paramiko in /usr/local/lib/python3.9/site-packages (2.7.2)
Requirement already satisfied: cryptography>=2.5 in /usr/local/lib/python3.9/site-packages (from paramiko) (3.4.7)
Requirement already satisfied: pynacl>=1.0.1 in /usr/local/lib/python3.9/site-packages (from paramiko) (1.4.0)
Requirement already satisfied: bcrypt>=3.1.3 in /usr/local/lib/python3.9/site-packages (from paramiko) (3.2.0)
Requirement already satisfied: six>=1.4.1 in /usr/local/lib/python3.9/site-packages (from bcrypt>=3.1.3->paramiko) (1.15.0)
Requirement already satisfied: cffi>=1.1 in /usr/local/lib/python3.9/site-packages (from bcrypt>=3.1.3->paramiko) (1.14.5)
Requirement already satisfied: pycparser in /usr/local/lib/python3.9/site-packages (from cffi>=1.1->bcrypt>=3.1.3->paramiko) (2.20)
Removing intermediate container e2a744c3e858
 ---> 5d9cfd98d421
Step 9/9 : ENTRYPOINT ["python", "sql_orm.py"]
 ---> Running in 973fe292e068
Removing intermediate container 973fe292e068
 ---> 843fc1ca4049

Successfully built 843fc1ca4049
Successfully tagged hw12_python:latest
Building nginx
Step 1/6 : FROM debian:buster-slim
 ---> 2d7852f97729
Step 2/6 : COPY . /opt/
 ---> Using cache
 ---> 40e12decf828
Step 3/6 : RUN apt-get update && apt-get install -y   nginx   && rm -rf /var/lib/apt/lists/*
 ---> Using cache
 ---> 478163eb12bd
Step 4/6 : COPY custom.conf /etc/nginx/conf.d/
 ---> Using cache
 ---> 143b940bd917
Step 5/6 : EXPOSE 80
 ---> Using cache
 ---> e6153c558bdf
Step 6/6 : CMD ["nginx","-g","daemon off;"]
 ---> Using cache
 ---> f2c59fcd8b5d

Successfully built f2c59fcd8b5d
Successfully tagged hw12_nginx:latest
Building sftp
Step 1/14 : FROM ubuntu:18.04
 ---> 3339fde08fc3
Step 2/14 : RUN mkdir /opt/app
 ---> Using cache
 ---> 26443fcd9d9b
Step 3/14 : RUN mkdir /opt/data
 ---> Using cache
 ---> c2742d8c0d25
Step 4/14 : WORKDIR /opt/data
 ---> Using cache
 ---> 47ed62b5c46e
Step 5/14 : VOLUME /opt/data
 ---> Using cache
 ---> 1028fd4c927c
Step 6/14 : EXPOSE 223
 ---> Using cache
 ---> f29218ab0209
Step 7/14 : COPY vsftpd.conf /etc/vsftpd/vsftpd.conf
 ---> Using cache
 ---> df67f6da2c2e
Step 8/14 : RUN mkdir /var/run/sshd &&     mkdir /root/.ssh
 ---> Using cache
 ---> 127218815937
Step 9/14 : RUN apt-get update &&     apt-get install -y openssh-server
 ---> Using cache
 ---> 443d7662cce4
Step 10/14 : RUN echo 'root:root' |chpasswd
 ---> Using cache
 ---> ad8fca9b9fdc
Step 11/14 : RUN sed -ri 's/^#?PermitRootLogin\s+.*/PermitRootLogin yes/' /etc/ssh/sshd_config
 ---> Using cache
 ---> 0a2577cb166a
Step 12/14 : RUN sed -ri 's/UsePAM yes/#UsePAM yes/g' /etc/ssh/sshd_config
 ---> Using cache
 ---> 2e180c137ccf
Step 13/14 : RUN apt-get clean &&     rm -rf /var/lib/apt/lists/* /tmp/* /var/tmp/*
 ---> Using cache
 ---> 1d9407160a37
Step 14/14 : CMD ["/usr/sbin/sshd", "-D"]
 ---> Using cache
 ---> d5949a06b80a

Successfully built d5949a06b80a
Successfully tagged hw12_sftp:latest
Creating python ... 
Creating sftp ... 
Creating nginx ... 
Creating python
Creating sftp
Creating nginx
[1A[2KCreating python ... [32mdone[0m[1B[1A[2KCreating sftp ... [32mdone[0m[1B[1A[2KCreating nginx ... [32mdone[0m[1BCONTAINER ID   IMAGE          COMMAND                  CREATED         STATUS                            PORTS                          NAMES
7527e32663f3   hw12_nginx     "nginx -g 'daemon of…"   8 seconds ago   Up Less than a second             80/tcp, 0.0.0.0:80->883/tcp    nginx
9694dc8fb0e9   hw12_sftp      "/usr/sbin/sshd -D"      8 seconds ago   Up 1 second (health: starting)    223/tcp, 0.0.0.0:223->22/tcp   sftp
f67bb2eeec7e   hw12_python    "python sql_orm.py"      9 seconds ago   Up 2 seconds (health: starting)   0.0.0.0:5050->5050/tcp         python
5a8d3a45a317   54001f85fea5   "/bin/sh -c 'pip ins…"   5 minutes ago   Exited (2) 4 minutes ago                                         elated_bhaskara
